procs -----------memory---------- ---swap-- -----io---- -system-- ------cpu-----
 r  b   swpd   free   buff  cache   si   so    bi    bo   in   cs us sy id wa st
 2  0      0 866136576      8 72669928    0    0     0     6    0    0 40  4 57  0  0
 1  0      0 866086336      8 72687696    0    0     0    54 30156 97314  3  0 97  0  0
 2  0      0 866051328      8 72693760    0    0     0    55 27980 92809  3  0 97  0  0
 2  0      0 866028224      8 72694456    0    0     0    73 28636 95460  3  0 97  0  0
 2  0      0 865993344      8 72708928    0    0     0    55 29140 97449  3  0 97  0  0
 1  0      0 865967360      8 72715024    0    0     0    53 27893 101869  2  0 97  0  0
 1  0      0 865948352      8 72720320    0    0     0    52 29679 97365  3  0 97  0  0
 1  0      0 865919296      8 72725008    0    0     0    52 28618 93627  3  0 97  0  0
 2  0      0 865906432      8 72725264    0    0     0    52 29304 138438  3  0 97  0  0
 1  0      0 865879232      8 72730896    0    0     0   108 27848 98771  3  0 97  0  0
65  0      0 849649600      8 72734272    0    0     0     0 64764 274910 27  2 71  0  0
41  0      0 830857856      8 72734272    0    0     0    54 79764 133074 33 14 53  0  0
 3  0      0 846588288      8 72734272    0    0     0     0 26405 202431  4  2 94  0  0
 3  0      0 847342272      8 72734272    0    0     0    52 23605 153839  3  1 96  0  0
 4  0      0 841592576      8 72734296    0    0     0    52 22100 91043  3  0 96  0  0
 2  0      0 838674240      8 72734296    0    0     0    70 22193 94180  3  0 96  0  0
 2  0      0 835324864      8 72734304    0    0     0    52 22100 90713  3  0 96  0  0
 2  0      0 832506560      8 72734304    0    0     0    53 22592 150091  3  1 96  0  0
 3  0      0 829003264      8 72734304    0    0     0    55 22243 93467  3  0 96  0  0
 5  0      0 820576576      8 72734240    0    0     0    52 29735 120968  3  1 96  0  0
 9  0      0 813443136      8 72734240    0    0     0    67 30134 213013  6  1 92  0  0
procs -----------memory---------- ---swap-- -----io---- -system-- ------cpu-----
 r  b   swpd   free   buff  cache   si   so    bi    bo   in   cs us sy id wa st
15  0      0 808662528      8 72734208    0    0     0    66 36272 161502 11  1 88  0  0
16  0      0 808656768      8 72734208    0    0     0    54 36426 90465 12  0 88  0  0
13  0      0 808655872      8 72734208    0    0     0    52 36946 122024 12  0 88  0  0
13  0      0 808642240      8 72734352    0    0     7    55 37728 99263 12  0 88  0  0
13  0      0 808642368      8 72734352    0    0     0   152 36711 91525 12  0 88  0  0
13  0      0 808643904      8 72734352    0    0     0    57 36464 99762 12  0 88  0  0
14  0      0 808643072      8 72734360    0    0     0    90 37435 95925 12  0 88  0  0
16  0      0 808595520      8 72735288    0    0     5    55 39969 93436 12  1 88  0  0
18  0      0 808563584      8 72758088    0    0   106  1534 61552 126861 13  1 85  0  0
16  0      0 808531392      8 72777472    0    0     0  4454 66504 115713 13  1 86  0  0
21  0      0 808517632      8 72782400    0    0     0     0 70237 134211 12  2 86  0  0
15  0      0 808489472      8 72790152    0    0     0     0 75575 130462 13  2 85  0  0
15  0      0 808494080      8 72792224    0    0     0  1148 66644 130987 12  2 86  0  0
14  0      0 808508544      8 72792416    0    0     0   512 57712 152267 12  1 86  0  0
13  0      0 808550848      8 72792312    0    0     0     0 41607 104329 12  1 87  0  0
13  0      0 808559488      8 72792280    0    0     0   192 37052 123728 12  0 88  0  0
12  0      0 809585600      8 72792280    0    0     0    52 36234 91853 12  0 88  0  0
12  0      0 809588864      8 72792288    0    0     0    58 35432 92618 11  0 88  0  0
10  0      0 811865216      8 72792288    0    0     0    92 34881 96298 11  0 89  0  0
12  0      0 812932224      8 72792240    0    0     0    53 41689 109531  7  1 92  0  0
 7  0      0 815308416      8 72792096    0    0     0   200 42466 107092  8  1 91  0  0
procs -----------memory---------- ---swap-- -----io---- -system-- ------cpu-----
 r  b   swpd   free   buff  cache   si   so    bi    bo   in   cs us sy id wa st
 3  0      0 820212224      8 72792096    0    0     0    52 27832 90576  5  0 94  0  0
 4  0      0 843619456      8 72789424    0    0     0   111 29543 94324  3  1 95  0  0
 2  0      0 843590976      8 72789440    0    0     0    60 28633 97541  4  0 96  0  0
 2  0      0 843552576      8 72789440    0    0     0   109 22958 91063  3  0 96  0  0
 2  0      0 843518912      8 72789456    0    0     0    52 22319 127099  3  0 96  0  0
 3  0      0 843476672      8 72789456    0    0     0    54 22852 92024  3  0 96  0  0
 2  0      0 843441280      8 72789456    0    0     0    54 23034 94611  3  0 96  0  0
 2  0      0 843408896      8 72789456    0    0     0    57 22504 91165  3  0 96  0  0
 2  0      0 843378240      8 72789456    0    0     0    52 22498 115431  3  0 96  0  0
 2  0      0 843338688      8 72789456    0    0     0   103 22729 91190  3  0 96  0  0
 2  0      0 843312192      8 72789456    0    0     0    54 28913 95994  3  0 96  0  0
 2  0      0 843275456      8 72789464    0    0     0    54 23131 95917  3  0 96  0  0
11  0      0 843246656      8 72789464    0    0     0    52 22251 93890  3  0 96  0  0
 2  0      0 843215552      8 72789464    0    0     0     0 22415 95093  3  0 96  0  0
 3  0      0 843177920      8 72789464    0    0     0    54 22264 91529  3  0 96  0  0
 2  0      0 843152320      8 72789464    0    0     0    57 22326 93261  3  0 96  0  0
 3  0      0 843117888      8 72789472    0    0     0    54 22123 92478  3  0 96  0  0
11  0      0 843076096      8 72789472    0    0     0    54 22506 101651  3  0 96  0  0
 3  0      0 843037952      8 72789472    0    0     0    52 27210 94171  3  0 96  0  0
 3  0      0 842999680      8 72789472    0    0     0    52 25736 93032  3  0 96  0  0
 1  0      0 842960192      8 72789472    0    0     0    52 22568 91691  3  0 96  0  0
procs -----------memory---------- ---swap-- -----io---- -system-- ------cpu-----
 r  b   swpd   free   buff  cache   si   so    bi    bo   in   cs us sy id wa st
68  0      0 842935296      8 72789472    0    0     0    62 28920 95659  4  0 96  0  0
 2  0      0 842904896      8 72789472    0    0     0    52 23637 92153  3  0 96  0  0
 8  0      0 842867200      8 72789472    0    0     0    53 22888 92932  3  0 96  0  0
 2  0      0 842843584      8 72789472    0    0     0    52 23218 95029  3  0 96  0  0
 9  0      0 842808384      8 72789472    0    0     0    55 22139 91994  3  0 96  0  0
 2  0      0 842773248      8 72789488    0    0     0    58 23191 93436  4  0 96  0  0
 3  0      0 842754240      8 72789488    0    0     0    59 22335 91162  3  0 97  0  0
 2  0      0 842717952      8 72789488    0    0     0    53 22411 121525  3  0 96  0  0
 2  0      0 842687936      8 72789488    0    0     0    52 22486 93809  3  0 96  0  0
 4  0      0 842657088      8 72789488    0    0     0    54 22495 98925  3  0 96  0  0
 2  0      0 842625024      8 72789416    0    0     0    52 22193 90973  3  0 96  0  0
 2  0      0 842589952      8 72789416    0    0     0    54 22585 95118  3  0 96  0  0
 3  0      0 842559104      8 72789424    0    0     0    82 22053 91882  3  0 96  0  0
 2  0      0 840346368      8 72789424    0    0     0    54 22396 93044  3  0 96  0  0
 3  0      0 850617280      8 72789872    0    0     0    52 22374 91251  3  0 96  0  0
 2  0      0 850169152      8 72789920    0    0     0    54 21799 91376  3  0 96  0  0
 5  0      0 849936000      8 72790256    0    0     0    54 22124 94089  3  0 96  0  0
66  0      0 848489600      8 72790280    0    0     0    52 21865 90866  3  0 96  0  0
 2  0      0 848563264      8 72790384    0    0     0    59 22582 98931  3  0 96  0  0
 2  0      0 848775744      8 72791056    0    0     0    53 22204 94190  3  0 96  0  0
 2  0      0 848775680      8 72791024    0    0     0    55 22157 93867  3  0 96  0  0
procs -----------memory---------- ---swap-- -----io---- -system-- ------cpu-----
 r  b   swpd   free   buff  cache   si   so    bi    bo   in   cs us sy id wa st
 2  0      0 848777152      8 72791024    0    0     0    54 21614 90252  3  0 96  0  0
 2  0      0 848776512      8 72791024    0    0     0    52 22457 93373  4  0 96  0  0
 2  0      0 848775936      8 72791024    0    0     0    56 22297 91787  3  0 96  0  0
 4  0      0 848775040      8 72791024    0    0     0    55 22470 95721  3  0 96  0  0
 9  0      0 848776832      8 72791024    0    0     0    54 21943 92020  3  0 96  0  0
 2  0      0 848776768      8 72790864    0    0     0    52 22242 93296  3  0 96  0  0
 2  0      0 848777216      8 72790864    0    0     0    55 22120 95690  3  0 96  0  0
67  0      0 848776128      8 72790864    0    0     0    55 22571 95283  3  0 96  0  0
 3  0      0 848775808      8 72790888    0    0     0    59 22887 97248  4  0 96  0  0
 2  0      0 848776064      8 72790880    0    0     0    60 21925 146731  3  0 96  0  0
 3  0      0 848777152      8 72790880    0    0     0    52 22687 97027  3  0 96  0  0
 4  0      0 848776320      8 72790880    0    0     0    52 22072 90491  3  0 96  0  0
 9  0      0 848768768      8 72790880    0    0     0    53 22409 95131  3  0 96  0  0
 5  0      0 848768192      8 72790880    0    0     0    52 21821 91830  3  0 96  0  0
11  0      0 848768128      8 72790824    0    0     0     0 22072 91823  3  0 96  0  0
90  0      0 848768064      8 72790824    0    0     0    79 21858 90386  3  0 96  0  0
 2  0      0 848767552      8 72790824    0    0     0    54 22276 91757  3  0 96  0  0
 2  0      0 848469632      8 72790864    0    0     0    52 22288 94761  3  0 96  0  0
 2  0      0 848468096      8 72790864    0    0     0    53 22178 93114  3  0 96  0  0
 2  0      0 848469824      8 72790864    0    0     0    52 21860 90524  3  0 96  0  0
 2  0      0 848469632      8 72790864    0    0     0    54 22446 100801  4  0 96  0  0
procs -----------memory---------- ---swap-- -----io---- -system-- ------cpu-----
 r  b   swpd   free   buff  cache   si   so    bi    bo   in   cs us sy id wa st
66  0      0 848470336      8 72790808    0    0     0    76 22302 92999  3  0 96  0  0
 2  0      0 848469376      8 72790808    0    0     0    53 22161 121526  3  0 96  0  0
 3  0      0 848469952      8 72790808    0    0     0    52 22516 96126  3  0 96  0  0
 5  0      0 848470208      8 72790808    0    0     0    52 22219 122941  3  0 96  0  0
 2  0      0 848471104      8 72790664    0    0     0    58 22241 92474  3  0 96  0  0
 2  0      0 848470656      8 72790672    0    0     0    52 22292 111373  3  0 96  0  0
 3  0      0 848470208      8 72790672    0    0     0    58 22550 97859  3  0 96  0  0
 6  0      0 848470336      8 72790672    0    0     0    52 21807 121170  3  0 96  0  0
 4  0      0 848469056      8 72790672    0    0     0    54 22599 97389  4  0 96  0  0
 3  0      0 848469248      8 72790672    0    0     0    54 21970 91132  3  0 96  0  0
 3  0      0 848469184      8 72790672    0    0     0    55 21851 90325  3  0 96  0  0
 2  0      0 848470464      8 72790672    0    0     0    58 22854 97988  4  0 96  0  0
 2  0      0 848469888      8 72790688    0    0     0    67 21749 91951  3  0 96  0  0
 2  0      0 848469952      8 72790688    0    0     0    52 22600 125624  3  0 96  0  0
 4  0      0 848568768      8 72790904    0    0     0    53 22170 92154  3  0 96  0  0
 4  0      0 848415552      8 72790912    0    0     0    55 22611 90913  3  0 96  0  0
 3  0      0 848415936      8 72790912    0    0     0    55 22226 92333  3  0 96  0  0
 2  0      0 848416064      8 72790912    0    0     0    52 22264 92212  3  0 96  0  0
 2  0      0 848416064      8 72790912    0    0     0    85 22258 100259  3  0 96  0  0
 3  0      0 848415168      8 72790912    0    0     0    54 22833 123546  3  0 96  0  0
 5  0      0 848416384      8 72790912    0    0     0    53 22203 113877  3  0 96  0  0
procs -----------memory---------- ---swap-- -----io---- -system-- ------cpu-----
 r  b   swpd   free   buff  cache   si   so    bi    bo   in   cs us sy id wa st
 2  0      0 848416640      8 72790912    0    0     0    52 22361 93002  3  0 96  0  0
 2  0      0 848417408      8 72790848    0    0     0    52 22159 96375  3  0 96  0  0
 2  0      0 848416064      8 72790848    0    0     0    52 23264 131365  3  0 96  0  0
 3  0      0 848416960      8 72790848    0    0     0    61 22142 89290  3  0 96  0  0
 2  0      0 848416640      8 72790848    0    0     0    52 22905 95430  4  0 96  0  0
 2  0      0 848417280      8 72790848    0    0     0    54 22270 92323  3  0 96  0  0
 4  0      0 848415040      8 72790848    0    0     0    52 22106 92620  3  0 96  0  0
 2  0      0 848414528      8 72790856    0    0     0    54 22620 93770  3  0 96  0  0
 5  0      0 848416576      8 72790856    0    0     0    54 22172 93569  3  0 96  0  0
 3  0      0 848415680      8 72790856    0    0     0    60 22499 96342  4  0 96  0  0
 2  0      0 848421184      8 72790856    0    0     0    52 22085 91879  3  0 96  0  0
 7  0      0 848421504      8 72790864    0    0     0    53 22180 91797  3  0 96  0  0
 2  0      0 848420352      8 72790864    0    0     0    57 22408 93200  3  0 96  0  0
13  0      0 848416640      8 72790864    0    0     0    52 22521 94446  4  0 96  0  0
 5  0      0 848415424      8 72790864    0    0     0    55 22151 90624  3  0 96  0  0
 3  0      0 848412224      8 72790880    0    0     0     0 23063 95530  4  0 96  0  0
 2  0      0 848413568      8 72790880    0    0     0    66 22028 96708  3  0 96  0  0
 7  0      0 848402112      8 72790880    0    0     0    56 22088 119402  3  0 96  0  0
 2  0      0 848402688      8 72790880    0    0     0    52 22547 92573  3  0 96  0  0
 2  0      0 848400000      8 72790880    0    0     0    52 21905 91529  3  0 96  0  0
13  0      0 848399104      8 72790880    0    0     0    52 22025 93106  3  0 96  0  0
procs -----------memory---------- ---swap-- -----io---- -system-- ------cpu-----
 r  b   swpd   free   buff  cache   si   so    bi    bo   in   cs us sy id wa st
 2  0      0 848398144      8 72790880    0    0     0    53 22554 95307  3  0 96  0  0
16  0      0 848399616      8 72790880    0    0     0    82 21885 87983  3  0 96  0  0
 3  0      0 848398720      8 72790880    0    0     0    54 22435 93023  3  0 96  0  0
 8  0      0 848397376      8 72790880    0    0     0    57 22555 92619  3  0 96  0  0
